# Logfile created on 2013-12-27 10:36:31 +0100 by logger.rb/44203
I, [2013-12-27T10:36:31.430356 #14850]  INFO -- : 0:  tilt (1.4.1) from /Users/tobi/.rvm/gems/ruby-2.1.0/specifications/tilt-1.4.1.gemspec
I, [2013-12-27T10:36:33.604347 #14850]  INFO -- : 0:  haml (4.0.4) from /Users/tobi/.rvm/gems/ruby-2.1.0/specifications/haml-4.0.4.gemspec
I, [2013-12-27T10:36:35.583359 #14850]  INFO -- : 0:  mini_portile (0.5.2) from /Users/tobi/.rvm/gems/ruby-2.1.0/specifications/mini_portile-0.5.2.gemspec
I, [2013-12-27T10:36:38.638287 #14850]  INFO -- : 0:  newrelic_rpm (3.7.0.177) from /Users/tobi/.rvm/gems/ruby-2.1.0/specifications/newrelic_rpm-3.7.0.177.gemspec
I, [2013-12-27T10:38:00.015044 #14850]  INFO -- : 0:  nokogiri (1.6.1) from /Users/tobi/.rvm/gems/ruby-2.1.0/specifications/nokogiri-1.6.1.gemspec
I, [2013-12-27T10:38:02.678848 #14850]  INFO -- : 0:  rack (1.5.2) from /Users/tobi/.rvm/gems/ruby-2.1.0/specifications/rack-1.5.2.gemspec
I, [2013-12-27T10:38:05.107999 #14850]  INFO -- : 0:  puma (2.7.1) from /Users/tobi/.rvm/gems/ruby-2.1.0/specifications/puma-2.7.1.gemspec
I, [2013-12-27T10:38:07.554888 #14850]  INFO -- : 0:  rack-protection (1.5.1) from /Users/tobi/.rvm/gems/ruby-2.1.0/specifications/rack-protection-1.5.1.gemspec
I, [2013-12-27T10:38:12.032691 #14850]  INFO -- : 0:  rdiscount (2.1.7) from /Users/tobi/.rvm/gems/ruby-2.1.0/specifications/rdiscount-2.1.7.gemspec
I, [2013-12-27T10:38:15.500331 #14850]  INFO -- : 0:  sinatra (1.4.4) from /Users/tobi/.rvm/gems/ruby-2.1.0/specifications/sinatra-1.4.4.gemspec
I, [2013-12-27T10:38:15.500772 #14850]  INFO -- : 0:  bundler (1.5.0) from /Users/tobi/.rvm/gems/ruby-2.1.0@global/specifications/bundler-1.5.0.gemspec
I, [2014-01-04T10:10:09.473148 #12593]  INFO -- : 0:  tilt (1.4.1) from /Users/tobi/.rvm/gems/ruby-2.1.0/specifications/tilt-1.4.1.gemspec
I, [2014-01-04T10:10:09.476774 #12593]  INFO -- : 0:  haml (4.0.4) from /Users/tobi/.rvm/gems/ruby-2.1.0/specifications/haml-4.0.4.gemspec
I, [2014-01-04T10:10:09.477070 #12593]  INFO -- : 0:  mini_portile (0.5.2) from /Users/tobi/.rvm/gems/ruby-2.1.0/specifications/mini_portile-0.5.2.gemspec
I, [2014-01-04T10:10:12.232420 #12593]  INFO -- : 0:  newrelic_rpm (3.7.1.182) from /Users/tobi/.rvm/gems/ruby-2.1.0/specifications/newrelic_rpm-3.7.1.182.gemspec
I, [2014-01-04T10:10:12.232777 #12593]  INFO -- : 0:  nokogiri (1.6.1) from /Users/tobi/.rvm/gems/ruby-2.1.0/specifications/nokogiri-1.6.1.gemspec
I, [2014-01-04T10:10:12.233021 #12593]  INFO -- : 0:  rack (1.5.2) from /Users/tobi/.rvm/gems/ruby-2.1.0/specifications/rack-1.5.2.gemspec
I, [2014-01-04T10:10:12.233246 #12593]  INFO -- : 0:  puma (2.7.1) from /Users/tobi/.rvm/gems/ruby-2.1.0/specifications/puma-2.7.1.gemspec
I, [2014-01-04T10:10:12.233464 #12593]  INFO -- : 0:  rack-protection (1.5.1) from /Users/tobi/.rvm/gems/ruby-2.1.0/specifications/rack-protection-1.5.1.gemspec
I, [2014-01-04T10:10:12.233680 #12593]  INFO -- : 0:  rdiscount (2.1.7) from /Users/tobi/.rvm/gems/ruby-2.1.0/specifications/rdiscount-2.1.7.gemspec
I, [2014-01-04T10:10:12.233900 #12593]  INFO -- : 0:  sinatra (1.4.4) from /Users/tobi/.rvm/gems/ruby-2.1.0/specifications/sinatra-1.4.4.gemspec
I, [2014-01-04T10:10:12.234130 #12593]  INFO -- : 0:  bundler (1.5.0) from /Users/tobi/.rvm/gems/ruby-2.1.0@global/specifications/bundler-1.5.0.gemspec
I, [2014-01-06T09:00:46.803375 #34695]  INFO -- : 0:  tilt (1.4.1) from /Users/tobi/.rvm/gems/ruby-2.1.0/specifications/tilt-1.4.1.gemspec
I, [2014-01-06T09:00:46.808044 #34695]  INFO -- : 0:  haml (4.0.4) from /Users/tobi/.rvm/gems/ruby-2.1.0/specifications/haml-4.0.4.gemspec
I, [2014-01-06T09:00:46.808314 #34695]  INFO -- : 0:  mini_portile (0.5.2) from /Users/tobi/.rvm/gems/ruby-2.1.0/specifications/mini_portile-0.5.2.gemspec
I, [2014-01-06T09:00:46.808555 #34695]  INFO -- : 0:  newrelic_rpm (3.7.1.182) from /Users/tobi/.rvm/gems/ruby-2.1.0/specifications/newrelic_rpm-3.7.1.182.gemspec
I, [2014-01-06T09:00:46.808748 #34695]  INFO -- : 0:  nokogiri (1.6.1) from /Users/tobi/.rvm/gems/ruby-2.1.0/specifications/nokogiri-1.6.1.gemspec
I, [2014-01-06T09:00:46.808931 #34695]  INFO -- : 0:  rack (1.5.2) from /Users/tobi/.rvm/gems/ruby-2.1.0/specifications/rack-1.5.2.gemspec
I, [2014-01-06T09:00:46.811005 #34695]  INFO -- : 0:  puma (2.7.1) from /Users/tobi/.rvm/gems/ruby-2.1.0/specifications/puma-2.7.1.gemspec
I, [2014-01-06T09:00:46.811320 #34695]  INFO -- : 0:  rack-protection (1.5.1) from /Users/tobi/.rvm/gems/ruby-2.1.0/specifications/rack-protection-1.5.1.gemspec
I, [2014-01-06T09:00:46.811557 #34695]  INFO -- : 0:  rdiscount (2.1.7) from /Users/tobi/.rvm/gems/ruby-2.1.0/specifications/rdiscount-2.1.7.gemspec
I, [2014-01-06T09:00:46.811791 #34695]  INFO -- : 0:  sinatra (1.4.4) from /Users/tobi/.rvm/gems/ruby-2.1.0/specifications/sinatra-1.4.4.gemspec
I, [2014-01-06T09:00:46.811985 #34695]  INFO -- : 0:  bundler (1.5.0) from /Users/tobi/.rvm/gems/ruby-2.1.0@global/specifications/bundler-1.5.0.gemspec
I, [2014-01-13T14:02:02.296744 #23805]  INFO -- : 0:  tilt (1.4.1) from /Users/tobi/.rvm/gems/ruby-2.1.0/specifications/tilt-1.4.1.gemspec
I, [2014-01-13T14:02:02.302474 #23805]  INFO -- : 0:  haml (4.0.5) from /Users/tobi/.rvm/gems/ruby-2.1.0/specifications/haml-4.0.5.gemspec
I, [2014-01-13T14:02:02.302773 #23805]  INFO -- : 0:  mini_portile (0.5.2) from /Users/tobi/.rvm/gems/ruby-2.1.0/specifications/mini_portile-0.5.2.gemspec
I, [2014-01-13T14:02:02.302974 #23805]  INFO -- : 0:  newrelic_rpm (3.7.1.182) from /Users/tobi/.rvm/gems/ruby-2.1.0/specifications/newrelic_rpm-3.7.1.182.gemspec
I, [2014-01-13T14:02:02.303197 #23805]  INFO -- : 0:  nokogiri (1.6.1) from /Users/tobi/.rvm/gems/ruby-2.1.0/specifications/nokogiri-1.6.1.gemspec
I, [2014-01-13T14:02:02.303386 #23805]  INFO -- : 0:  rack (1.5.2) from /Users/tobi/.rvm/gems/ruby-2.1.0/specifications/rack-1.5.2.gemspec
I, [2014-01-13T14:02:02.303561 #23805]  INFO -- : 0:  puma (2.7.1) from /Users/tobi/.rvm/gems/ruby-2.1.0/specifications/puma-2.7.1.gemspec
I, [2014-01-13T14:02:02.303745 #23805]  INFO -- : 0:  rack-protection (1.5.1) from /Users/tobi/.rvm/gems/ruby-2.1.0/specifications/rack-protection-1.5.1.gemspec
I, [2014-01-13T14:02:02.303918 #23805]  INFO -- : 0:  rdiscount (2.1.7) from /Users/tobi/.rvm/gems/ruby-2.1.0/specifications/rdiscount-2.1.7.gemspec
I, [2014-01-13T14:02:02.304101 #23805]  INFO -- : 0:  sinatra (1.4.4) from /Users/tobi/.rvm/gems/ruby-2.1.0/specifications/sinatra-1.4.4.gemspec
I, [2014-01-13T14:02:02.304278 #23805]  INFO -- : 0:  bundler (1.5.0) from /Users/tobi/.rvm/gems/ruby-2.1.0@global/specifications/bundler-1.5.0.gemspec
